Determining if the pthread_create exist failed with the following output:
Change Dir: /home/ubuntu/2009red/build/CMakeFiles/CMakeTmp

Run Build Command:/usr/bin/make "cmTryCompileExec367403286/fast"
/usr/bin/make -f CMakeFiles/cmTryCompileExec367403286.dir/build.make CMakeFiles/cmTryCompileExec367403286.dir/build
make[1]: Entering directory `/home/ubuntu/2009red/build/CMakeFiles/CMakeTmp'
/usr/bin/cmake -E cmake_progress_report /home/ubuntu/2009red/build/CMakeFiles/CMakeTmp/CMakeFiles 1
Building C object CMakeFiles/cmTryCompileExec367403286.dir/CheckSymbolExists.c.o
/usr/bin/gcc    -o CMakeFiles/cmTryCompileExec367403286.dir/CheckSymbolExists.c.o   -c /home/ubuntu/2009red/build/CMakeFiles/CMakeTmp/CheckSymbolExists.c
Linking C executable cmTryCompileExec367403286
/usr/bin/cmake -E cmake_link_script CMakeFiles/cmTryCompileExec367403286.dir/link.txt --verbose=1
/usr/bin/gcc         CMakeFiles/cmTryCompileExec367403286.dir/CheckSymbolExists.c.o  -o cmTryCompileExec367403286 -rdynamic 
CMakeFiles/cmTryCompileExec367403286.dir/CheckSymbolExists.c.o: In function `main':
CheckSymbolExists.c:(.text+0xa): undefined reference to `pthread_create'
collect2: error: ld returned 1 exit status
make[1]: Leaving directory `/home/ubuntu/2009red/build/CMakeFiles/CMakeTmp'
make[1]: *** [cmTryCompileExec367403286] Error 1
make: *** [cmTryCompileExec367403286/fast] Error 2

File /home/ubuntu/2009red/build/CMakeFiles/CMakeTmp/CheckSymbolExists.c:
/* */
#include <pthread.h>

int main(int argc, char** argv)
{
  (void)argv;
#ifndef pthread_create
  return ((int*)(&pthread_create))[argc];
#else
  (void)argc;
  return 0;
#endif
}

Determining if the function pthread_create exists in the pthreads failed with the following output:
Change Dir: /home/ubuntu/2009red/build/CMakeFiles/CMakeTmp

Run Build Command:/usr/bin/make "cmTryCompileExec3888745895/fast"
/usr/bin/make -f CMakeFiles/cmTryCompileExec3888745895.dir/build.make CMakeFiles/cmTryCompileExec3888745895.dir/build
make[1]: Entering directory `/home/ubuntu/2009red/build/CMakeFiles/CMakeTmp'
/usr/bin/cmake -E cmake_progress_report /home/ubuntu/2009red/build/CMakeFiles/CMakeTmp/CMakeFiles 1
Building C object CMakeFiles/cmTryCompileExec3888745895.dir/CheckFunctionExists.c.o
/usr/bin/gcc   -DCHECK_FUNCTION_EXISTS=pthread_create   -o CMakeFiles/cmTryCompileExec3888745895.dir/CheckFunctionExists.c.o   -c /usr/share/cmake-2.8/Modules/CheckFunctionExists.c
Linking C executable cmTryCompileExec3888745895
/usr/bin/cmake -E cmake_link_script CMakeFiles/cmTryCompileExec3888745895.dir/link.txt --verbose=1
/usr/bin/gcc     -DCHECK_FUNCTION_EXISTS=pthread_create    CMakeFiles/cmTryCompileExec3888745895.dir/CheckFunctionExists.c.o  -o cmTryCompileExec3888745895 -rdynamic -lpthreads 
/usr/bin/ld: cannot find -lpthreads
collect2: error: ld returned 1 exit status
make[1]: Leaving directory `/home/ubuntu/2009red/build/CMakeFiles/CMakeTmp'
make[1]: *** [cmTryCompileExec3888745895] Error 1
make: *** [cmTryCompileExec3888745895/fast] Error 2


